<?xml version="1.0" encoding="UTF-8"?>
<!-- Generated by org.testng.reporters.JUnitReportReporter -->
<testsuite hostname="SDN-05" failures="0" tests="1" name="Com.Thrucare.com.TestCases.Tc_01" time="49.116" errors="0" timestamp="2024-01-18T04:51:09 GMT-08:00" skipped="0">
  <testcase classname="Com.Thrucare.com.TestCases.Tc_01" name="tc_01" time="49.116"/>
  <system-out/>
</testsuite> <!-- Com.Thrucare.com.TestCases.Tc_01 -->
