<?xml version="1.0" encoding="UTF-8"?>
<!-- Generated by org.testng.reporters.JUnitReportReporter -->
<testsuite hostname="SDN-05" failures="0" tests="1" name="Com.Thrucare.com.TestCases.Patient_Tc_01_Registration" time="38.696" errors="0" timestamp="2024-01-22T00:39:15 GMT-08:00" skipped="0">
  <testcase classname="Com.Thrucare.com.TestCases.Patient_Tc_01_Registration" name="RegistrationDone_when_clickOn_signIn_SignUp" time="38.696"/>
  <system-out/>
</testsuite> <!-- Com.Thrucare.com.TestCases.Patient_Tc_01_Registration -->
