<?xml version="1.0" encoding="UTF-8"?>
<!-- Generated by org.testng.reporters.JUnitReportReporter -->
<testsuite hostname="SDN-05" failures="0" tests="1" name="Com.Thrucare.com.TestCases.Patient_Tc_01_Registration" time="52.775" errors="0" timestamp="2024-01-24T02:32:46 GMT-08:00" skipped="0">
  <testcase classname="Com.Thrucare.com.TestCases.Patient_Tc_01_Registration" name="RegistrationDone_when_clickOn_signIn_SignUp" time="52.775"/>
  <system-out/>
</testsuite> <!-- Com.Thrucare.com.TestCases.Patient_Tc_01_Registration -->
